<?xml version="1.0" encoding="UTF-8"?>
<!-- Generated by org.testng.reporters.JUnitReportReporter -->
<testsuite hostname="DESKTOP-4T9R7PN" failures="0" tests="1" name="com.qa.addProductsRP.runner.TestRunner" time="255.696" errors="0" timestamp="11 Feb 2021 17:29:15 GMT">
  <testcase classname="com.qa.addProductsRP.runner.TestRunner" name="feature" time="255.696"/>
</testsuite> <!-- com.qa.addProductsRP.runner.TestRunner -->
